                                      1 ;--------------------------------------------------------
                                      2 ; File Created by SDCC : free open source ISO C Compiler
                                      3 ; Version 4.5.0 #15242 (Mac OS X ppc)
                                      4 ;--------------------------------------------------------
                                      5 	.module Delay
                                      6 	
                                      7 	.optsdcc -mmcs51 --model-small
                                      8 ;--------------------------------------------------------
                                      9 ; Public variables in this module
                                     10 ;--------------------------------------------------------
                                     11 	.globl _Delay1us
                                     12 	.globl _Delay1ms
                                     13 	.globl _Delay
                                     14 	.globl _Delay_Ms_
                                     15 	.globl _Delay_us_
                                     16 ;--------------------------------------------------------
                                     17 ; special function registers
                                     18 ;--------------------------------------------------------
                                     19 	.area RSEG    (ABS,DATA)
      000000                         20 	.org 0x0000
                                     21 ;--------------------------------------------------------
                                     22 ; special function bits
                                     23 ;--------------------------------------------------------
                                     24 	.area RSEG    (ABS,DATA)
      000000                         25 	.org 0x0000
                                     26 ;--------------------------------------------------------
                                     27 ; overlayable register banks
                                     28 ;--------------------------------------------------------
                                     29 	.area REG_BANK_0	(REL,OVR,DATA)
      000000                         30 	.ds 8
                                     31 ;--------------------------------------------------------
                                     32 ; internal ram data
                                     33 ;--------------------------------------------------------
                                     34 	.area DSEG    (DATA)
                                     35 ;--------------------------------------------------------
                                     36 ; overlayable items in internal ram
                                     37 ;--------------------------------------------------------
                                     38 	.area	OSEG    (OVR,DATA)
                                     39 	.area	OSEG    (OVR,DATA)
                                     40 ;--------------------------------------------------------
                                     41 ; indirectly addressable internal ram data
                                     42 ;--------------------------------------------------------
                                     43 	.area ISEG    (DATA)
                                     44 ;--------------------------------------------------------
                                     45 ; absolute internal ram data
                                     46 ;--------------------------------------------------------
                                     47 	.area IABS    (ABS,DATA)
                                     48 	.area IABS    (ABS,DATA)
                                     49 ;--------------------------------------------------------
                                     50 ; bit data
                                     51 ;--------------------------------------------------------
                                     52 	.area BSEG    (BIT)
                                     53 ;--------------------------------------------------------
                                     54 ; paged external ram data
                                     55 ;--------------------------------------------------------
                                     56 	.area PSEG    (PAG,XDATA)
                                     57 ;--------------------------------------------------------
                                     58 ; uninitialized external ram data
                                     59 ;--------------------------------------------------------
                                     60 	.area XSEG    (XDATA)
                                     61 ;--------------------------------------------------------
                                     62 ; absolute external ram data
                                     63 ;--------------------------------------------------------
                                     64 	.area XABS    (ABS,XDATA)
                                     65 ;--------------------------------------------------------
                                     66 ; initialized external ram data
                                     67 ;--------------------------------------------------------
                                     68 	.area XISEG   (XDATA)
                                     69 	.area HOME    (CODE)
                                     70 	.area GSINIT0 (CODE)
                                     71 	.area GSINIT1 (CODE)
                                     72 	.area GSINIT2 (CODE)
                                     73 	.area GSINIT3 (CODE)
                                     74 	.area GSINIT4 (CODE)
                                     75 	.area GSINIT5 (CODE)
                                     76 	.area GSINIT  (CODE)
                                     77 	.area GSFINAL (CODE)
                                     78 	.area CSEG    (CODE)
                                     79 ;--------------------------------------------------------
                                     80 ; global & static initialisations
                                     81 ;--------------------------------------------------------
                                     82 	.area HOME    (CODE)
                                     83 	.area GSINIT  (CODE)
                                     84 	.area GSFINAL (CODE)
                                     85 	.area GSINIT  (CODE)
                                     86 ;--------------------------------------------------------
                                     87 ; Home
                                     88 ;--------------------------------------------------------
                                     89 	.area HOME    (CODE)
                                     90 	.area HOME    (CODE)
                                     91 ;--------------------------------------------------------
                                     92 ; code
                                     93 ;--------------------------------------------------------
                                     94 	.area CSEG    (CODE)
                                     95 ;------------------------------------------------------------
                                     96 ;Allocation info for local variables in function 'Delay1ms'
                                     97 ;------------------------------------------------------------
                                     98 ;i             Allocated to registers r6 
                                     99 ;j             Allocated to registers r7 
                                    100 ;------------------------------------------------------------
                                    101 ;	code/Delay.c:5: void Delay1ms()
                                    102 ;	-----------------------------------------
                                    103 ;	 function Delay1ms
                                    104 ;	-----------------------------------------
      000000                        105 _Delay1ms:
                           000007   106 	ar7 = 0x07
                           000006   107 	ar6 = 0x06
                           000005   108 	ar5 = 0x05
                           000004   109 	ar4 = 0x04
                           000003   110 	ar3 = 0x03
                           000002   111 	ar2 = 0x02
                           000001   112 	ar1 = 0x01
                           000000   113 	ar0 = 0x00
                                    114 ;	code/Delay.c:9: _nop_();
      000000 00               [12]  115 	nop
                                    116 ;	code/Delay.c:10: _nop_();
      000001 00               [12]  117 	nop
                                    118 ;	code/Delay.c:15: while (--j)
      000002 7F 42            [12]  119 	mov	r7,#0x42
      000004 7E 21            [12]  120 	mov	r6,#0x21
      000006                        121 00101$:
      000006 DF FE            [24]  122 	djnz	r7,00101$
                                    123 ;	code/Delay.c:17: } while (--i);
      000008 DE FC            [24]  124 	djnz	r6,00101$
                                    125 ;	code/Delay.c:18: }
      00000A 22               [24]  126 	ret
                                    127 ;------------------------------------------------------------
                                    128 ;Allocation info for local variables in function 'Delay1us'
                                    129 ;------------------------------------------------------------
                                    130 ;i             Allocated to registers r7 
                                    131 ;------------------------------------------------------------
                                    132 ;	code/Delay.c:33: void Delay1us() //@27.000MHz
                                    133 ;	-----------------------------------------
                                    134 ;	 function Delay1us
                                    135 ;	-----------------------------------------
      00000B                        136 _Delay1us:
                                    137 ;	code/Delay.c:37: _nop_();
      00000B 00               [12]  138 	nop
                                    139 ;	code/Delay.c:39: while (--i)
      00000C 7F 04            [12]  140 	mov	r7,#0x04
      00000E                        141 00101$:
      00000E DF FE            [24]  142 	djnz	r7,00101$
                                    143 ;	code/Delay.c:41: }
      000010 22               [24]  144 	ret
                                    145 ;------------------------------------------------------------
                                    146 ;Allocation info for local variables in function 'Delay'
                                    147 ;------------------------------------------------------------
                                    148 ;xms           Allocated to registers 
                                    149 ;------------------------------------------------------------
                                    150 ;	code/Delay.c:43: void Delay(unsigned int xms)
                                    151 ;	-----------------------------------------
                                    152 ;	 function Delay
                                    153 ;	-----------------------------------------
      000011                        154 _Delay:
      000011 AE 82            [24]  155 	mov	r6, dpl
      000013 AF 83            [24]  156 	mov	r7, dph
                                    157 ;	code/Delay.c:45: while (xms--)
      000015                        158 00101$:
      000015 8E 04            [24]  159 	mov	ar4,r6
      000017 8F 05            [24]  160 	mov	ar5,r7
      000019 1E               [12]  161 	dec	r6
      00001A BE FF 01         [24]  162 	cjne	r6,#0xff,00119$
      00001D 1F               [12]  163 	dec	r7
      00001E                        164 00119$:
      00001E EC               [12]  165 	mov	a,r4
      00001F 4D               [12]  166 	orl	a,r5
      000020 60 0D            [24]  167 	jz	00104$
                                    168 ;	code/Delay.c:47: Delay1ms();
      000022 C0 07            [24]  169 	push	ar7
      000024 C0 06            [24]  170 	push	ar6
      000026 12r00r00         [24]  171 	lcall	_Delay1ms
      000029 D0 06            [24]  172 	pop	ar6
      00002B D0 07            [24]  173 	pop	ar7
      00002D 80 E6            [24]  174 	sjmp	00101$
      00002F                        175 00104$:
                                    176 ;	code/Delay.c:49: }
      00002F 22               [24]  177 	ret
                                    178 ;------------------------------------------------------------
                                    179 ;Allocation info for local variables in function 'Delay_Ms_'
                                    180 ;------------------------------------------------------------
                                    181 ;xms           Allocated to registers 
                                    182 ;------------------------------------------------------------
                                    183 ;	code/Delay.c:51: void Delay_Ms_(unsigned int xms)
                                    184 ;	-----------------------------------------
                                    185 ;	 function Delay_Ms_
                                    186 ;	-----------------------------------------
      000030                        187 _Delay_Ms_:
                                    188 ;	code/Delay.c:53: Delay(xms);
                                    189 ;	code/Delay.c:54: }
      000030 02r00r11         [24]  190 	ljmp	_Delay
                                    191 ;------------------------------------------------------------
                                    192 ;Allocation info for local variables in function 'Delay_us_'
                                    193 ;------------------------------------------------------------
                                    194 ;xms           Allocated to registers 
                                    195 ;------------------------------------------------------------
                                    196 ;	code/Delay.c:56: void Delay_us_(unsigned int xms)
                                    197 ;	-----------------------------------------
                                    198 ;	 function Delay_us_
                                    199 ;	-----------------------------------------
      000033                        200 _Delay_us_:
      000033 AE 82            [24]  201 	mov	r6, dpl
      000035 AF 83            [24]  202 	mov	r7, dph
                                    203 ;	code/Delay.c:58: while (xms--)
      000037                        204 00101$:
      000037 8E 04            [24]  205 	mov	ar4,r6
      000039 8F 05            [24]  206 	mov	ar5,r7
      00003B 1E               [12]  207 	dec	r6
      00003C BE FF 01         [24]  208 	cjne	r6,#0xff,00119$
      00003F 1F               [12]  209 	dec	r7
      000040                        210 00119$:
      000040 EC               [12]  211 	mov	a,r4
      000041 4D               [12]  212 	orl	a,r5
      000042 60 0D            [24]  213 	jz	00104$
                                    214 ;	code/Delay.c:60: Delay1us();
      000044 C0 07            [24]  215 	push	ar7
      000046 C0 06            [24]  216 	push	ar6
      000048 12r00r0B         [24]  217 	lcall	_Delay1us
      00004B D0 06            [24]  218 	pop	ar6
      00004D D0 07            [24]  219 	pop	ar7
      00004F 80 E6            [24]  220 	sjmp	00101$
      000051                        221 00104$:
                                    222 ;	code/Delay.c:62: }
      000051 22               [24]  223 	ret
                                    224 	.area CSEG    (CODE)
                                    225 	.area CONST   (CODE)
                                    226 	.area XINIT   (CODE)
                                    227 	.area CABS    (ABS,CODE)
